{
  "RSpec": {
    "coverage": {
      "/Users/emmahardman/ticketee/app/models/user.rb": [
        1,
        null,
        null,
        null,
        1,
        null,
        null,
        null,
        1,
        1,
        1,
        26,
        null,
        null,
        null
      ],
      "/Users/emmahardman/ticketee/app/controllers/application_controller.rb": [
        1,
        1,
        null,
        1,
        null,
        1,
        51,
        51,
        6,
        6,
        null,
        null,
        null,
        null
      ],
      "/Users/emmahardman/ticketee/app/helpers/application_helper.rb": [
        1,
        1,
        20,
        20,
        20,
        null,
        null,
        null,
        null,
        1,
        176,
        null,
        null
      ],
      "/Users/emmahardman/ticketee/app/helpers/admin/users_helper.rb": [
        1,
        null
      ],
      "/Users/emmahardman/ticketee/app/helpers/projects_helper.rb": [
        1,
        null
      ],
      "/Users/emmahardman/ticketee/app/helpers/tickets_helper.rb": [
        1,
        null
      ],
      "/Users/emmahardman/ticketee/app/controllers/admin/base_controller.rb": [
        1,
        1,
        null,
        1,
        null,
        null,
        null
      ],
      "/Users/emmahardman/ticketee/app/controllers/admin/users_controller.rb": [
        1,
        1,
        null,
        1,
        12,
        null,
        null,
        1,
        null,
        null,
        null,
        1,
        2,
        null,
        null,
        1,
        2,
        2,
        1,
        1,
        null,
        1,
        1,
        null,
        null,
        null,
        1,
        null,
        null,
        null,
        1,
        3,
        3,
        3,
        3,
        null,
        null,
        3,
        2,
        2,
        null,
        1,
        1,
        null,
        null,
        null,
        1,
        2,
        1,
        null,
        1,
        1,
        null,
        null,
        2,
        null,
        null,
        1,
        1,
        13,
        null,
        null
      ],
      "/Users/emmahardman/ticketee/app/controllers/projects_controller.rb": [
        1,
        null,
        1,
        1,
        null,
        null,
        null,
        1,
        51,
        null,
        null,
        1,
        2,
        null,
        null,
        1,
        2,
        2,
        1,
        1,
        null,
        1,
        1,
        null,
        null,
        null,
        1,
        null,
        null,
        null,
        1,
        null,
        null,
        null,
        1,
        2,
        1,
        1,
        null,
        1,
        1,
        null,
        null,
        null,
        1,
        1,
        1,
        1,
        null,
        null,
        1,
        null,
        null,
        null,
        1,
        26,
        null,
        1,
        1,
        null,
        null
      ],
      "/Users/emmahardman/ticketee/app/models/project.rb": [
        1,
        1,
        1,
        1,
        null
      ],
      "/Users/emmahardman/ticketee/app/controllers/tickets_controller.rb": [
        1,
        1,
        1,
        1,
        null,
        1,
        3,
        null,
        null,
        1,
        3,
        3,
        3,
        1,
        1,
        null,
        2,
        2,
        null,
        null,
        null,
        1,
        2,
        1,
        1,
        null,
        1,
        1,
        null,
        null,
        null,
        1,
        1,
        1,
        1,
        null,
        null,
        1,
        null,
        null,
        1,
        null,
        null,
        1,
        1,
        17,
        null,
        null,
        1,
        11,
        null,
        null,
        null
      ],
      "/Users/emmahardman/ticketee/app/models/ticket.rb": [
        1,
        1,
        1,
        1,
        1,
        1,
        null,
        null
      ]
    },
    "timestamp": 1374192277
  }
}
