{
  "RSpec": {
    "coverage": {
      "/Users/emmahardman/ticketee/app/models/user.rb": [
        1,
        null,
        null,
        null,
        1,
        null,
        null,
        null,
        1,
        1,
        null,
        1,
        null,
        1,
        38,
        null,
        null,
        null
      ],
      "/Users/emmahardman/ticketee/app/controllers/application_controller.rb": [
        1,
        1,
        null,
        1,
        null,
        1,
        75,
        75,
        6,
        6,
        null,
        null,
        null,
        null
      ],
      "/Users/emmahardman/ticketee/app/helpers/application_helper.rb": [
        1,
        1,
        30,
        30,
        30,
        null,
        null,
        null,
        null,
        1,
        293,
        null,
        null,
        1,
        29,
        64,
        null,
        null
      ],
      "/Users/emmahardman/ticketee/app/helpers/admin/permissions_helper.rb": [
        1,
        1,
        null,
        null,
        null,
        null,
        null,
        16,
        null,
        null
      ],
      "/Users/emmahardman/ticketee/app/helpers/admin/users_helper.rb": [
        1,
        null
      ],
      "/Users/emmahardman/ticketee/app/helpers/files_helper.rb": [
        1,
        null
      ],
      "/Users/emmahardman/ticketee/app/helpers/projects_helper.rb": [
        1,
        null
      ],
      "/Users/emmahardman/ticketee/app/helpers/tickets_helper.rb": [
        1,
        null
      ],
      "/Users/emmahardman/ticketee/app/helpers/users_helper.rb": [
        1,
        null
      ],
      "/Users/emmahardman/ticketee/app/controllers/admin/base_controller.rb": [
        1,
        1,
        null,
        1,
        null,
        null,
        null
      ],
      "/Users/emmahardman/ticketee/app/controllers/admin/permissions_controller.rb": [
        1,
        1,
        null,
        1,
        8,
        8,
        null,
        null,
        1,
        4,
        4,
        4,
        4,
        7,
        null,
        null,
        null,
        null,
        4,
        4,
        null,
        null,
        1,
        null,
        1,
        12,
        null,
        null
      ],
      "/Users/emmahardman/ticketee/app/models/permission.rb": [
        1,
        1,
        1,
        1,
        null
      ],
      "/Users/emmahardman/ticketee/app/controllers/admin/users_controller.rb": [
        1,
        1,
        null,
        1,
        16,
        null,
        null,
        1,
        null,
        null,
        null,
        1,
        2,
        null,
        null,
        1,
        2,
        2,
        1,
        1,
        null,
        1,
        1,
        null,
        null,
        null,
        1,
        null,
        null,
        null,
        1,
        3,
        3,
        3,
        3,
        null,
        null,
        3,
        2,
        2,
        null,
        1,
        1,
        null,
        null,
        null,
        1,
        2,
        1,
        null,
        1,
        1,
        null,
        null,
        2,
        null,
        null,
        1,
        1,
        17,
        null,
        null
      ],
      "/Users/emmahardman/ticketee/app/controllers/files_controller.rb": [
        1,
        1,
        null,
        1,
        1,
        1,
        1,
        null,
        null,
        null,
        1,
        2,
        2,
        1,
        null,
        null,
        null,
        1,
        1,
        null,
        null,
        null
      ],
      "/Users/emmahardman/ticketee/app/controllers/projects_controller.rb": [
        1,
        null,
        1,
        1,
        1,
        null,
        null,
        null,
        1,
        74,
        null,
        null,
        1,
        2,
        null,
        null,
        1,
        2,
        2,
        1,
        1,
        null,
        1,
        1,
        null,
        null,
        null,
        1,
        null,
        null,
        null,
        1,
        null,
        null,
        null,
        1,
        2,
        1,
        1,
        null,
        1,
        1,
        null,
        null,
        null,
        1,
        1,
        1,
        1,
        null,
        null,
        1,
        null,
        null,
        null,
        1,
        39,
        null,
        4,
        4,
        null,
        null
      ],
      "/Users/emmahardman/ticketee/app/models/project.rb": [
        1,
        1,
        1,
        1,
        null,
        1,
        1,
        99,
        null,
        null,
        null,
        1,
        154,
        null,
        null
      ],
      "/Users/emmahardman/ticketee/app/controllers/registrations_controller.rb": [
        1,
        null,
        1,
        null,
        1,
        1,
        null,
        null
      ],
      "/Users/emmahardman/ticketee/app/controllers/tickets_controller.rb": [
        1,
        1,
        1,
        1,
        1,
        1,
        1,
        null,
        1,
        5,
        5,
        null,
        null,
        1,
        5,
        5,
        5,
        3,
        3,
        null,
        2,
        2,
        null,
        null,
        null,
        1,
        3,
        2,
        2,
        null,
        1,
        1,
        null,
        null,
        null,
        1,
        2,
        2,
        2,
        null,
        null,
        1,
        null,
        null,
        1,
        null,
        null,
        1,
        8,
        2,
        2,
        null,
        null,
        null,
        1,
        1,
        41,
        null,
        1,
        null,
        1,
        null,
        null,
        1,
        28,
        null,
        null,
        1,
        12,
        2,
        2,
        null,
        null,
        null,
        1,
        3,
        1,
        1,
        null,
        null,
        null,
        null
      ],
      "/Users/emmahardman/ticketee/app/models/ticket.rb": [
        1,
        1,
        1,
        1,
        1,
        1,
        1,
        1,
        null,
        null
      ],
      "/Users/emmahardman/ticketee/app/controllers/users_controller.rb": [
        1,
        1,
        null,
        null
      ],
      "/Users/emmahardman/ticketee/app/models/ability.rb": [
        1,
        1,
        null,
        1,
        80,
        111,
        null,
        null,
        41,
        null,
        null,
        null,
        null,
        null
      ],
      "/Users/emmahardman/ticketee/app/models/asset.rb": [
        1,
        1,
        1,
        1,
        null,
        null
      ]
    },
    "timestamp": 1375748258
  }
}
